<?xml version="1.0" encoding="UTF-8"?>
<testsuite xmlns:xsi="http://www.w3.org/2001/XMLSchema-instance" xsi:noNamespaceSchemaLocation="https://maven.apache.org/surefire/maven-failsafe-plugin/xsd/failsafe-test-report.xsd" version="3.0.2" name="org.example.tests.ApiToKafkaE2E" time="0.533" tests="1" errors="0" skipped="0" failures="0">
  <properties>
[...]
</properties>
  <testcase name="postOrder_goesThroughKafka_andPersists" classname="org.example.tests.ApiToKafkaE2E" time="0.512">
    <system-out><![CDATA[2025-10-19T23:13:49.333+01:00  INFO 22831 --- [           main] t.c.s.AnnotationConfigContextLoaderUtils : Could not detect default configuration classes for test class [org.example.tests.ApiToKafkaE2E]: ApiToKafkaE2E does not declare any static, non-private, non-final, nested classes annotated with @Configuration.
2025-10-19T23:13:49.336+01:00  INFO 22831 --- [           main] .b.t.c.SpringBootTestContextBootstrapper : Found @SpringBootConfiguration org.example.tests.TestApp for test class org.example.tests.ApiToKafkaE2E
2025-10-19T23:13:49.599+01:00  INFO 22831 --- [o-auto-1-exec-1] o.a.c.c.C.[Tomcat].[localhost].[/]       : Initializing Spring DispatcherServlet 'dispatcherServlet'
2025-10-19T23:13:49.599+01:00  INFO 22831 --- [o-auto-1-exec-1] o.s.web.servlet.DispatcherServlet        : Initializing Servlet 'dispatcherServlet'
2025-10-19T23:13:49.601+01:00  INFO 22831 --- [o-auto-1-exec-1] o.s.web.servlet.DispatcherServlet        : Completed initialization in 2 ms
]]></system-out>
  </testcase>
</testsuite>